# JRE version: Java(TM) SE Runtime Environment (14.0.2+12) (build 14.0.2+12-46)
# Java VM: Java HotSpot(TM) 64-Bit Server VM (14.0.2+12-46, mixed mode, sharing, tiered, compressed oops, g1 gc, windows-amd64)
Heap:
 garbage-first heap   total 181248K, used 105377K [0x0000000082000000, 0x0000000100000000)
  region size 1024K, 69 young (70656K), 7 survivors (7168K)
 Metaspace       used 47157K, capacity 48222K, committed 48380K, reserved 1091584K
  class space    used 5428K, capacity 5812K, committed 5888K, reserved 1048576K
GC Heap History (20 events):
Event: 11.245 GC heap before
{Heap before GC invocations=16 (full 0):
 garbage-first heap   total 78848K, used 59826K [0x0000000082000000, 0x0000000100000000)
  region size 1024K, 31 young (31744K), 1 survivors (1024K)
 Metaspace       used 33283K, capacity 34180K, committed 34300K, reserved 1079296K
  class space    used 3754K, capacity 4084K, committed 4096K, reserved 1048576K
}
Event: 11.257 GC heap after
{Heap after GC invocations=17 (full 0):
 garbage-first heap   total 78848K, used 31847K [0x0000000082000000, 0x0000000100000000)
  region size 1024K, 3 young (3072K), 3 survivors (3072K)
 Metaspace       used 33283K, capacity 34180K, committed 34300K, reserved 1079296K
  class space    used 3754K, capacity 4084K, committed 4096K, reserved 1048576K
}
Event: 11.433 GC heap before
{Heap before GC invocations=17 (full 0):
 garbage-first heap   total 78848K, used 60519K [0x0000000082000000, 0x0000000100000000)
  region size 1024K, 31 young (31744K), 3 survivors (3072K)
 Metaspace       used 33283K, capacity 34180K, committed 34300K, reserved 1079296K
  class space    used 3754K, capacity 4084K, committed 4096K, reserved 1048576K
}
Event: 11.445 GC heap after
{Heap after GC invocations=18 (full 0):
 garbage-first heap   total 78848K, used 33089K [0x0000000082000000, 0x0000000100000000)
  region size 1024K, 3 young (3072K), 3 survivors (3072K)
 Metaspace       used 33283K, capacity 34180K, committed 34300K, reserved 1079296K
  class space    used 3754K, capacity 4084K, committed 4096K, reserved 1048576K
}
Event: 11.595 GC heap before
{Heap before GC invocations=18 (full 0):
 garbage-first heap   total 78848K, used 61761K [0x0000000082000000, 0x0000000100000000)
  region size 1024K, 31 young (31744K), 3 survivors (3072K)
 Metaspace       used 33298K, capacity 34188K, committed 34300K, reserved 1079296K
  class space    used 3755K, capacity 4084K, committed 4096K, reserved 1048576K
}
Event: 11.607 GC heap after
{Heap after GC invocations=19 (full 0):
 garbage-first heap   total 78848K, used 34794K [0x0000000082000000, 0x0000000100000000)
  region size 1024K, 3 young (3072K), 3 survivors (3072K)
 Metaspace       used 33298K, capacity 34188K, committed 34300K, reserved 1079296K
  class space    used 3755K, capacity 4084K, committed 4096K, reserved 1048576K
}
Event: 11.761 GC heap before
{Heap before GC invocations=19 (full 0):
 garbage-first heap   total 78848K, used 62442K [0x0000000082000000, 0x0000000100000000)
  region size 1024K, 30 young (30720K), 3 survivors (3072K)
 Metaspace       used 33300K, capacity 34188K, committed 34300K, reserved 1079296K
  class space    used 3755K, capacity 4084K, committed 4096K, reserved 1048576K
}
Event: 11.772 GC heap after
{Heap after GC invocations=20 (full 0):
 garbage-first heap   total 112640K, used 36033K [0x0000000082000000, 0x0000000100000000)
  region size 1024K, 3 young (3072K), 3 survivors (3072K)
 Metaspace       used 33300K, capacity 34188K, committed 34300K, reserved 1079296K
  class space    used 3755K, capacity 4084K, committed 4096K, reserved 1048576K
}
Event: 12.099 GC heap before
{Heap before GC invocations=20 (full 0):
 garbage-first heap   total 112640K, used 87233K [0x0000000082000000, 0x0000000100000000)
  region size 1024K, 53 young (54272K), 3 survivors (3072K)
 Metaspace       used 33300K, capacity 34188K, committed 34300K, reserved 1079296K
  class space    used 3755K, capacity 4084K, committed 4096K, reserved 1048576K
}
Event: 12.111 GC heap after
{Heap after GC invocations=21 (full 0):
 garbage-first heap   total 112640K, used 38316K [0x0000000082000000, 0x0000000100000000)
  region size 1024K, 5 young (5120K), 5 survivors (5120K)
 Metaspace       used 33300K, capacity 34188K, committed 34300K, reserved 1079296K
  class space    used 3755K, capacity 4084K, committed 4096K, reserved 1048576K
}
Event: 12.385 GC heap before
{Heap before GC invocations=21 (full 0):
 garbage-first heap   total 112640K, used 88492K [0x0000000082000000, 0x0000000100000000)
  region size 1024K, 54 young (55296K), 5 survivors (5120K)
 Metaspace       used 33300K, capacity 34188K, committed 34300K, reserved 1079296K
  class space    used 3755K, capacity 4084K, committed 4096K, reserved 1048576K
}
Event: 12.401 GC heap after
{Heap after GC invocations=22 (full 0):
 garbage-first heap   total 112640K, used 39247K [0x0000000082000000, 0x0000000100000000)
  region size 1024K, 4 young (4096K), 4 survivors (4096K)
 Metaspace       used 33300K, capacity 34188K, committed 34300K, reserved 1079296K
  class space    used 3755K, capacity 4084K, committed 4096K, reserved 1048576K
}
Event: 12.641 GC heap before
{Heap before GC invocations=22 (full 0):
 garbage-first heap   total 112640K, used 89423K [0x0000000082000000, 0x0000000100000000)
  region size 1024K, 53 young (54272K), 4 survivors (4096K)
 Metaspace       used 33316K, capacity 34258K, committed 34300K, reserved 1079296K
  class space    used 3758K, capacity 4086K, committed 4096K, reserved 1048576K
}
Event: 12.651 GC heap after
{Heap after GC invocations=23 (full 0):
 garbage-first heap   total 112640K, used 40388K [0x0000000082000000, 0x0000000100000000)
  region size 1024K, 4 young (4096K), 4 survivors (4096K)
 Metaspace       used 33316K, capacity 34258K, committed 34300K, reserved 1079296K
  class space    used 3758K, capacity 4086K, committed 4096K, reserved 1048576K
}
Event: 12.981 GC heap before
{Heap before GC invocations=23 (full 0):
 garbage-first heap   total 112640K, used 89540K [0x0000000082000000, 0x0000000100000000)
  region size 1024K, 52 young (53248K), 4 survivors (4096K)
 Metaspace       used 33316K, capacity 34258K, committed 34300K, reserved 1079296K
  class space    used 3758K, capacity 4086K, committed 4096K, reserved 1048576K
}
Event: 13.001 GC heap after
{Heap after GC invocations=24 (full 0):
 garbage-first heap   total 181248K, used 41382K [0x0000000082000000, 0x0000000100000000)
  region size 1024K, 4 young (4096K), 4 survivors (4096K)
 Metaspace       used 33316K, capacity 34258K, committed 34300K, reserved 1079296K
  class space    used 3758K, capacity 4086K, committed 4096K, reserved 1048576K
}
Event: 13.933 GC heap before
{Heap before GC invocations=24 (full 0):
 garbage-first heap   total 181248K, used 144806K [0x0000000082000000, 0x0000000100000000)
  region size 1024K, 105 young (107520K), 4 survivors (4096K)
 Metaspace       used 33327K, capacity 34260K, committed 34300K, reserved 1079296K
  class space    used 3758K, capacity 4088K, committed 4096K, reserved 1048576K
}
Event: 13.943 GC heap after
{Heap after GC invocations=25 (full 0):
 garbage-first heap   total 181248K, used 43313K [0x0000000082000000, 0x0000000100000000)
  region size 1024K, 6 young (6144K), 6 survivors (6144K)
 Metaspace       used 33327K, capacity 34260K, committed 34300K, reserved 1079296K
  class space    used 3758K, capacity 4088K, committed 4096K, reserved 1048576K
}
Event: 15.161 GC heap before
{Heap before GC invocations=25 (full 0):
 garbage-first heap   total 181248K, used 145713K [0x0000000082000000, 0x0000000100000000)
  region size 1024K, 106 young (108544K), 6 survivors (6144K)
 Metaspace       used 41861K, capacity 42797K, committed 43132K, reserved 1087488K
  class space    used 4780K, capacity 5141K, committed 5248K, reserved 1048576K
}
Event: 15.174 GC heap after
{Heap after GC invocations=26 (full 0):
 garbage-first heap   total 181248K, used 43937K [0x0000000082000000, 0x0000000100000000)
  region size 1024K, 7 young (7168K), 7 survivors (7168K)
 Metaspace       used 41861K, capacity 42797K, committed 43132K, reserved 1087488K
  class space    used 4780K, capacity 5141K, committed 5248K, reserved 1048576K
}

