# JRE version: Java(TM) SE Runtime Environment (14.0.2+12) (build 14.0.2+12-46)
# Java VM: Java HotSpot(TM) 64-Bit Server VM (14.0.2+12-46, mixed mode, sharing, tiered, compressed oops, g1 gc, windows-amd64)
Heap:
 garbage-first heap   total 129024K, used 39088K [0x0000000082000000, 0x0000000100000000)
  region size 1024K, 36 young (36864K), 7 survivors (7168K)
 Metaspace       used 15605K, capacity 16348K, committed 16512K, reserved 1064960K
  class space    used 1725K, capacity 1918K, committed 1920K, reserved 1048576K
GC Heap History (6 events):
Event: 1.076 GC heap before
{Heap before GC invocations=0 (full 0):
 garbage-first heap   total 129024K, used 23552K [0x0000000082000000, 0x0000000100000000)
  region size 1024K, 23 young (23552K), 0 survivors (0K)
 Metaspace       used 5966K, capacity 7884K, committed 8192K, reserved 1056768K
  class space    used 702K, capacity 910K, committed 1024K, reserved 1048576K
}
Event: 1.081 GC heap after
{Heap after GC invocations=1 (full 0):
 garbage-first heap   total 129024K, used 4008K [0x0000000082000000, 0x0000000100000000)
  region size 1024K, 3 young (3072K), 3 survivors (3072K)
 Metaspace       used 5966K, capacity 7884K, committed 8192K, reserved 1056768K
  class space    used 702K, capacity 910K, committed 1024K, reserved 1048576K
}
Event: 1.501 GC heap before
{Heap before GC invocations=1 (full 0):
 garbage-first heap   total 129024K, used 33704K [0x0000000082000000, 0x0000000100000000)
  region size 1024K, 32 young (32768K), 3 survivors (3072K)
 Metaspace       used 10004K, capacity 11533K, committed 11776K, reserved 1058816K
  class space    used 1217K, capacity 1438K, committed 1536K, reserved 1048576K
}
Event: 1.505 GC heap after
{Heap after GC invocations=2 (full 0):
 garbage-first heap   total 129024K, used 5467K [0x0000000082000000, 0x0000000100000000)
  region size 1024K, 2 young (2048K), 2 survivors (2048K)
 Metaspace       used 10004K, capacity 11533K, committed 11776K, reserved 1058816K
  class space    used 1217K, capacity 1438K, committed 1536K, reserved 1048576K
}
Event: 3.101 GC heap before
{Heap before GC invocations=2 (full 0):
 garbage-first heap   total 129024K, used 80219K [0x0000000082000000, 0x0000000100000000)
  region size 1024K, 75 young (76800K), 2 survivors (2048K)
 Metaspace       used 14718K, capacity 15523K, committed 15744K, reserved 1062912K
  class space    used 1644K, capacity 1814K, committed 1920K, reserved 1048576K
}
Event: 3.119 GC heap after
{Heap after GC invocations=3 (full 0):
 garbage-first heap   total 129024K, used 10416K [0x0000000082000000, 0x0000000100000000)
  region size 1024K, 7 young (7168K), 7 survivors (7168K)
 Metaspace       used 14718K, capacity 15523K, committed 15744K, reserved 1062912K
  class space    used 1644K, capacity 1814K, committed 1920K, reserved 1048576K
}

