# JRE version: Java(TM) SE Runtime Environment (14.0.2+12) (build 14.0.2+12-46)
# Java VM: Java HotSpot(TM) 64-Bit Server VM (14.0.2+12-46, mixed mode, sharing, tiered, compressed oops, g1 gc, windows-amd64)
Heap:
 garbage-first heap   total 111616K, used 36075K [0x0000000082000000, 0x0000000100000000)
  region size 1024K, 3 young (3072K), 3 survivors (3072K)
 Metaspace       used 23275K, capacity 23884K, committed 24064K, reserved 1071104K
  class space    used 2574K, capacity 2785K, committed 2816K, reserved 1048576K
GC Heap History (20 events):
Event: 3.391 GC heap after
{Heap after GC invocations=9 (full 0):
 garbage-first heap   total 58368K, used 23970K [0x0000000082000000, 0x0000000100000000)
  region size 1024K, 2 young (2048K), 2 survivors (2048K)
 Metaspace       used 23191K, capacity 23820K, committed 24064K, reserved 1071104K
  class space    used 2571K, capacity 2785K, committed 2816K, reserved 1048576K
}
Event: 3.462 GC heap before
{Heap before GC invocations=9 (full 0):
 garbage-first heap   total 58368K, used 43426K [0x0000000082000000, 0x0000000100000000)
  region size 1024K, 21 young (21504K), 2 survivors (2048K)
 Metaspace       used 23219K, capacity 23820K, committed 24064K, reserved 1071104K
  class space    used 2571K, capacity 2785K, committed 2816K, reserved 1048576K
}
Event: 3.466 GC heap after
{Heap after GC invocations=10 (full 0):
 garbage-first heap   total 58368K, used 25022K [0x0000000082000000, 0x0000000100000000)
  region size 1024K, 2 young (2048K), 2 survivors (2048K)
 Metaspace       used 23219K, capacity 23820K, committed 24064K, reserved 1071104K
  class space    used 2571K, capacity 2785K, committed 2816K, reserved 1048576K
}
Event: 3.551 GC heap before
{Heap before GC invocations=10 (full 0):
 garbage-first heap   total 58368K, used 44478K [0x0000000082000000, 0x0000000100000000)
  region size 1024K, 21 young (21504K), 2 survivors (2048K)
 Metaspace       used 23243K, capacity 23820K, committed 24064K, reserved 1071104K
  class space    used 2571K, capacity 2785K, committed 2816K, reserved 1048576K
}
Event: 3.556 GC heap after
{Heap after GC invocations=11 (full 0):
 garbage-first heap   total 70656K, used 26551K [0x0000000082000000, 0x0000000100000000)
  region size 1024K, 3 young (3072K), 3 survivors (3072K)
 Metaspace       used 23243K, capacity 23820K, committed 24064K, reserved 1071104K
  class space    used 2571K, capacity 2785K, committed 2816K, reserved 1048576K
}
Event: 3.659 GC heap before
{Heap before GC invocations=11 (full 0):
 garbage-first heap   total 70656K, used 54199K [0x0000000082000000, 0x0000000100000000)
  region size 1024K, 31 young (31744K), 3 survivors (3072K)
 Metaspace       used 23249K, capacity 23884K, committed 24064K, reserved 1071104K
  class space    used 2571K, capacity 2785K, committed 2816K, reserved 1048576K
}
Event: 3.665 GC heap after
{Heap after GC invocations=12 (full 0):
 garbage-first heap   total 70656K, used 27685K [0x0000000082000000, 0x0000000100000000)
  region size 1024K, 4 young (4096K), 4 survivors (4096K)
 Metaspace       used 23249K, capacity 23884K, committed 24064K, reserved 1071104K
  class space    used 2571K, capacity 2785K, committed 2816K, reserved 1048576K
}
Event: 3.742 GC heap before
{Heap before GC invocations=12 (full 0):
 garbage-first heap   total 70656K, used 54309K [0x0000000082000000, 0x0000000100000000)
  region size 1024K, 30 young (30720K), 4 survivors (4096K)
 Metaspace       used 23270K, capacity 23884K, committed 24064K, reserved 1071104K
  class space    used 2574K, capacity 2785K, committed 2816K, reserved 1048576K
}
Event: 3.749 GC heap after
{Heap after GC invocations=13 (full 0):
 garbage-first heap   total 70656K, used 28265K [0x0000000082000000, 0x0000000100000000)
  region size 1024K, 3 young (3072K), 3 survivors (3072K)
 Metaspace       used 23270K, capacity 23884K, committed 24064K, reserved 1071104K
  class space    used 2574K, capacity 2785K, committed 2816K, reserved 1048576K
}
Event: 3.826 GC heap before
{Heap before GC invocations=13 (full 0):
 garbage-first heap   total 70656K, used 53865K [0x0000000082000000, 0x0000000100000000)
  region size 1024K, 29 young (29696K), 3 survivors (3072K)
 Metaspace       used 23271K, capacity 23884K, committed 24064K, reserved 1071104K
  class space    used 2574K, capacity 2785K, committed 2816K, reserved 1048576K
}
Event: 3.833 GC heap after
{Heap after GC invocations=14 (full 0):
 garbage-first heap   total 70656K, used 30240K [0x0000000082000000, 0x0000000100000000)
  region size 1024K, 3 young (3072K), 3 survivors (3072K)
 Metaspace       used 23271K, capacity 23884K, committed 24064K, reserved 1071104K
  class space    used 2574K, capacity 2785K, committed 2816K, reserved 1048576K
}
Event: 3.921 GC heap before
{Heap before GC invocations=14 (full 0):
 garbage-first heap   total 70656K, used 54816K [0x0000000082000000, 0x0000000100000000)
  region size 1024K, 28 young (28672K), 3 survivors (3072K)
 Metaspace       used 23271K, capacity 23884K, committed 24064K, reserved 1071104K
  class space    used 2574K, capacity 2785K, committed 2816K, reserved 1048576K
}
Event: 3.928 GC heap after
{Heap after GC invocations=15 (full 0):
 garbage-first heap   total 84992K, used 31598K [0x0000000082000000, 0x0000000100000000)
  region size 1024K, 3 young (3072K), 3 survivors (3072K)
 Metaspace       used 23271K, capacity 23884K, committed 24064K, reserved 1071104K
  class space    used 2574K, capacity 2785K, committed 2816K, reserved 1048576K
}
Event: 4.057 GC heap before
{Heap before GC invocations=15 (full 0):
 garbage-first heap   total 84992K, used 66414K [0x0000000082000000, 0x0000000100000000)
  region size 1024K, 37 young (37888K), 3 survivors (3072K)
 Metaspace       used 23271K, capacity 23884K, committed 24064K, reserved 1071104K
  class space    used 2574K, capacity 2785K, committed 2816K, reserved 1048576K
}
Event: 4.065 GC heap after
{Heap after GC invocations=16 (full 0):
 garbage-first heap   total 84992K, used 33378K [0x0000000082000000, 0x0000000100000000)
  region size 1024K, 5 young (5120K), 5 survivors (5120K)
 Metaspace       used 23271K, capacity 23884K, committed 24064K, reserved 1071104K
  class space    used 2574K, capacity 2785K, committed 2816K, reserved 1048576K
}
Event: 4.183 GC heap before
{Heap before GC invocations=16 (full 0):
 garbage-first heap   total 84992K, used 66146K [0x0000000082000000, 0x0000000100000000)
  region size 1024K, 37 young (37888K), 5 survivors (5120K)
 Metaspace       used 23271K, capacity 23884K, committed 24064K, reserved 1071104K
  class space    used 2574K, capacity 2785K, committed 2816K, reserved 1048576K
}
Event: 4.192 GC heap after
{Heap after GC invocations=17 (full 0):
 garbage-first heap   total 84992K, used 34347K [0x0000000082000000, 0x0000000100000000)
  region size 1024K, 4 young (4096K), 4 survivors (4096K)
 Metaspace       used 23271K, capacity 23884K, committed 24064K, reserved 1071104K
  class space    used 2574K, capacity 2785K, committed 2816K, reserved 1048576K
}
Event: 4.319 GC heap before
{Heap before GC invocations=17 (full 0):
 garbage-first heap   total 84992K, used 66091K [0x0000000082000000, 0x0000000100000000)
  region size 1024K, 35 young (35840K), 4 survivors (4096K)
 Metaspace       used 23271K, capacity 23884K, committed 24064K, reserved 1071104K
  class space    used 2574K, capacity 2785K, committed 2816K, reserved 1048576K
}
Event: 4.329 GC heap after
{Heap after GC invocations=18 (full 0):
 garbage-first heap   total 84992K, used 35592K [0x0000000082000000, 0x0000000100000000)
  region size 1024K, 4 young (4096K), 4 survivors (4096K)
 Metaspace       used 23271K, capacity 23884K, committed 24064K, reserved 1071104K
  class space    used 2574K, capacity 2785K, committed 2816K, reserved 1048576K
}
Event: 4.438 GC heap before
{Heap before GC invocations=18 (full 0):
 garbage-first heap   total 84992K, used 66312K [0x0000000082000000, 0x0000000100000000)
  region size 1024K, 34 young (34816K), 4 survivors (4096K)
 Metaspace       used 23275K, capacity 23884K, committed 24064K, reserved 1071104K
  class space    used 2574K, capacity 2785K, committed 2816K, reserved 1048576K
}

