# JRE version: Java(TM) SE Runtime Environment (14.0.2+12) (build 14.0.2+12-46)
# Java VM: Java HotSpot(TM) 64-Bit Server VM (14.0.2+12-46, mixed mode, sharing, tiered, compressed oops, g1 gc, windows-amd64)
Heap:
 garbage-first heap   total 133120K, used 86191K [0x0000000082000000, 0x0000000100000000)
  region size 1024K, 46 young (47104K), 6 survivors (6144K)
 Metaspace       used 24606K, capacity 25253K, committed 25472K, reserved 1071104K
  class space    used 2696K, capacity 2917K, committed 2944K, reserved 1048576K
GC Heap History (20 events):
Event: 3.977 GC heap before
{Heap before GC invocations=9 (full 0):
 garbage-first heap   total 61440K, used 45332K [0x0000000082000000, 0x0000000100000000)
  region size 1024K, 22 young (22528K), 3 survivors (3072K)
 Metaspace       used 23247K, capacity 23822K, committed 24064K, reserved 1071104K
  class space    used 2573K, capacity 2785K, committed 2816K, reserved 1048576K
}
Event: 3.983 GC heap after
{Heap after GC invocations=10 (full 0):
 garbage-first heap   total 73728K, used 28124K [0x0000000082000000, 0x0000000100000000)
  region size 1024K, 2 young (2048K), 2 survivors (2048K)
 Metaspace       used 23247K, capacity 23822K, committed 24064K, reserved 1071104K
  class space    used 2573K, capacity 2785K, committed 2816K, reserved 1048576K
}
Event: 4.120 GC heap before
{Heap before GC invocations=10 (full 0):
 garbage-first heap   total 73728K, used 55772K [0x0000000082000000, 0x0000000100000000)
  region size 1024K, 29 young (29696K), 2 survivors (2048K)
 Metaspace       used 23259K, capacity 23886K, committed 24064K, reserved 1071104K
  class space    used 2573K, capacity 2785K, committed 2816K, reserved 1048576K
}
Event: 4.127 GC heap after
{Heap after GC invocations=11 (full 0):
 garbage-first heap   total 73728K, used 30182K [0x0000000082000000, 0x0000000100000000)
  region size 1024K, 4 young (4096K), 4 survivors (4096K)
 Metaspace       used 23259K, capacity 23886K, committed 24064K, reserved 1071104K
  class space    used 2573K, capacity 2785K, committed 2816K, reserved 1048576K
}
Event: 4.237 GC heap before
{Heap before GC invocations=11 (full 0):
 garbage-first heap   total 73728K, used 55782K [0x0000000082000000, 0x0000000100000000)
  region size 1024K, 29 young (29696K), 4 survivors (4096K)
 Metaspace       used 23261K, capacity 23886K, committed 24064K, reserved 1071104K
  class space    used 2573K, capacity 2785K, committed 2816K, reserved 1048576K
}
Event: 4.243 GC heap after
{Heap after GC invocations=12 (full 0):
 garbage-first heap   total 73728K, used 31170K [0x0000000082000000, 0x0000000100000000)
  region size 1024K, 3 young (3072K), 3 survivors (3072K)
 Metaspace       used 23261K, capacity 23886K, committed 24064K, reserved 1071104K
  class space    used 2573K, capacity 2785K, committed 2816K, reserved 1048576K
}
Event: 4.357 GC heap before
{Heap before GC invocations=12 (full 0):
 garbage-first heap   total 73728K, used 55746K [0x0000000082000000, 0x0000000100000000)
  region size 1024K, 27 young (27648K), 3 survivors (3072K)
 Metaspace       used 23266K, capacity 23886K, committed 24064K, reserved 1071104K
  class space    used 2573K, capacity 2785K, committed 2816K, reserved 1048576K
}
Event: 4.363 GC heap after
{Heap after GC invocations=13 (full 0):
 garbage-first heap   total 73728K, used 32576K [0x0000000082000000, 0x0000000100000000)
  region size 1024K, 3 young (3072K), 3 survivors (3072K)
 Metaspace       used 23266K, capacity 23886K, committed 24064K, reserved 1071104K
  class space    used 2573K, capacity 2785K, committed 2816K, reserved 1048576K
}
Event: 4.442 GC heap before
{Heap before GC invocations=13 (full 0):
 garbage-first heap   total 73728K, used 56128K [0x0000000082000000, 0x0000000100000000)
  region size 1024K, 26 young (26624K), 3 survivors (3072K)
 Metaspace       used 23270K, capacity 23886K, committed 24064K, reserved 1071104K
  class space    used 2573K, capacity 2785K, committed 2816K, reserved 1048576K
}
Event: 4.448 GC heap after
{Heap after GC invocations=14 (full 0):
 garbage-first heap   total 89088K, used 33625K [0x0000000082000000, 0x0000000100000000)
  region size 1024K, 2 young (2048K), 2 survivors (2048K)
 Metaspace       used 23270K, capacity 23886K, committed 24064K, reserved 1071104K
  class space    used 2573K, capacity 2785K, committed 2816K, reserved 1048576K
}
Event: 4.603 GC heap before
{Heap before GC invocations=14 (full 0):
 garbage-first heap   total 89088K, used 68441K [0x0000000082000000, 0x0000000100000000)
  region size 1024K, 36 young (36864K), 2 survivors (2048K)
 Metaspace       used 24070K, capacity 24689K, committed 24960K, reserved 1071104K
  class space    used 2649K, capacity 2882K, committed 2944K, reserved 1048576K
}
Event: 4.611 GC heap after
{Heap after GC invocations=15 (full 0):
 garbage-first heap   total 89088K, used 37338K [0x0000000082000000, 0x0000000100000000)
  region size 1024K, 5 young (5120K), 5 survivors (5120K)
 Metaspace       used 24070K, capacity 24689K, committed 24960K, reserved 1071104K
  class space    used 2649K, capacity 2882K, committed 2944K, reserved 1048576K
}
Event: 4.786 GC heap before
{Heap before GC invocations=15 (full 0):
 garbage-first heap   total 89088K, used 68058K [0x0000000082000000, 0x0000000100000000)
  region size 1024K, 35 young (35840K), 5 survivors (5120K)
 Metaspace       used 24563K, capacity 25175K, committed 25216K, reserved 1071104K
  class space    used 2692K, capacity 2915K, committed 2944K, reserved 1048576K
}
Event: 4.794 GC heap after
{Heap after GC invocations=16 (full 0):
 garbage-first heap   total 89088K, used 38666K [0x0000000082000000, 0x0000000100000000)
  region size 1024K, 3 young (3072K), 3 survivors (3072K)
 Metaspace       used 24563K, capacity 25175K, committed 25216K, reserved 1071104K
  class space    used 2692K, capacity 2915K, committed 2944K, reserved 1048576K
}
Event: 4.908 GC heap before
{Heap before GC invocations=16 (full 0):
 garbage-first heap   total 89088K, used 69386K [0x0000000082000000, 0x0000000100000000)
  region size 1024K, 33 young (33792K), 3 survivors (3072K)
 Metaspace       used 24563K, capacity 25175K, committed 25216K, reserved 1071104K
  class space    used 2692K, capacity 2915K, committed 2944K, reserved 1048576K
}
Event: 4.916 GC heap after
{Heap after GC invocations=17 (full 0):
 garbage-first heap   total 89088K, used 41085K [0x0000000082000000, 0x0000000100000000)
  region size 1024K, 3 young (3072K), 3 survivors (3072K)
 Metaspace       used 24563K, capacity 25175K, committed 25216K, reserved 1071104K
  class space    used 2692K, capacity 2915K, committed 2944K, reserved 1048576K
}
Event: 5.010 GC heap before
{Heap before GC invocations=17 (full 0):
 garbage-first heap   total 89088K, used 69757K [0x0000000082000000, 0x0000000100000000)
  region size 1024K, 31 young (31744K), 3 survivors (3072K)
 Metaspace       used 24565K, capacity 25175K, committed 25216K, reserved 1071104K
  class space    used 2692K, capacity 2915K, committed 2944K, reserved 1048576K
}
Event: 5.054 GC heap after
{Heap after GC invocations=18 (full 0):
 garbage-first heap   total 133120K, used 42678K [0x0000000082000000, 0x0000000100000000)
  region size 1024K, 3 young (3072K), 3 survivors (3072K)
 Metaspace       used 24565K, capacity 25175K, committed 25216K, reserved 1071104K
  class space    used 2692K, capacity 2915K, committed 2944K, reserved 1048576K
}
Event: 5.342 GC heap before
{Heap before GC invocations=18 (full 0):
 garbage-first heap   total 133120K, used 102070K [0x0000000082000000, 0x0000000100000000)
  region size 1024K, 61 young (62464K), 3 survivors (3072K)
 Metaspace       used 24592K, capacity 25253K, committed 25472K, reserved 1071104K
  class space    used 2696K, capacity 2917K, committed 2944K, reserved 1048576K
}
Event: 5.350 GC heap after
{Heap after GC invocations=19 (full 0):
 garbage-first heap   total 133120K, used 46255K [0x0000000082000000, 0x0000000100000000)
  region size 1024K, 6 young (6144K), 6 survivors (6144K)
 Metaspace       used 24592K, capacity 25253K, committed 25472K, reserved 1071104K
  class space    used 2696K, capacity 2917K, committed 2944K, reserved 1048576K
}

